<?xml version="1.0" encoding="UTF-8"?>
<testng-results ignored="0" total="2" passed="2" failed="0" skipped="0">
  <reporter-output>
  </reporter-output>
  <suite started-at="2021-07-24T12:32:34 EDT" name="Default suite" finished-at="2021-07-24T12:33:45 EDT" duration-ms="70864">
    <groups>
    </groups>
    <test started-at="2021-07-24T12:32:34 EDT" name="Default test" finished-at="2021-07-24T12:33:45 EDT" duration-ms="70864">
      <class name="com.PRregressionSuite.TestScripts_PR_Regression">
        <test-method is-config="true" signature="setUpSuite()[pri:0, instance:com.PRregressionSuite.TestScripts_PR_Regression@13b13b5d]" started-at="2021-07-24T12:32:34 EDT" name="setUpSuite" finished-at="2021-07-24T12:32:34 EDT" duration-ms="13" status="PASS">
          <reporter-output>
          </reporter-output>
        </test-method> <!-- setUpSuite -->
        <test-method is-config="true" signature="StartBrowser()[pri:0, instance:com.PRregressionSuite.TestScripts_PR_Regression@13b13b5d]" started-at="2021-07-24T12:32:34 EDT" name="StartBrowser" finished-at="2021-07-24T12:32:39 EDT" duration-ms="5440" status="PASS">
          <reporter-output>
          </reporter-output>
        </test-method> <!-- StartBrowser -->
        <test-method signature="loginValidation(java.lang.String, java.lang.String)[pri:0, instance:com.PRregressionSuite.TestScripts_PR_Regression@13b13b5d]" started-at="2021-07-24T12:32:42 EDT" name="loginValidation" data-provider="getUserLogin" finished-at="2021-07-24T12:32:58 EDT" duration-ms="16381" status="PASS">
          <params>
            <param index="0">
              <value>
                <![CDATA[akhtersalma68@gmail.com]]>
              </value>
            </param>
            <param index="1">
              <value>
                <![CDATA[SanjidHasan04$]]>
              </value>
            </param>
          </params>
          <reporter-output>
          </reporter-output>
        </test-method> <!-- loginValidation -->
        <test-method is-config="true" signature="tearDownMethod(org.testng.ITestResult)[pri:0, instance:com.PRregressionSuite.TestScripts_PR_Regression@13b13b5d]" started-at="2021-07-24T12:32:58 EDT" name="tearDownMethod" finished-at="2021-07-24T12:32:58 EDT" duration-ms="0" status="PASS">
          <params>
            <param index="0">
              <value>
                <![CDATA[[TestResult name=loginValidation status=SUCCESS method=TestScripts_PR_Regression.loginValidation(java.lang.String, java.lang.String)[pri:0, instance:com.PRregressionSuite.TestScripts_PR_Regression@13b13b5d] output={null}]]]>
              </value>
            </param>
          </params>
          <reporter-output>
          </reporter-output>
        </test-method> <!-- tearDownMethod -->
        <test-method signature="updateProfile(java.lang.String, java.lang.String, java.lang.String, java.lang.String, java.lang.String, java.lang.String, java.lang.String)[pri:1, instance:com.PRregressionSuite.TestScripts_PR_Regression@13b13b5d]" started-at="2021-07-24T12:32:58 EDT" name="updateProfile" data-provider="getUpdateProfile" finished-at="2021-07-24T12:33:44 EDT" duration-ms="45619" status="PASS">
          <params>
            <param index="0">
              <value>
                <![CDATA[Tawhid]]>
              </value>
            </param>
            <param index="1">
              <value>
                <![CDATA[Ansary]]>
              </value>
            </param>
            <param index="2">
              <value>
                <![CDATA[123 Lost ln]]>
              </value>
            </param>
            <param index="3">
              <value>
                <![CDATA[#E]]>
              </value>
            </param>
            <param index="4">
              <value>
                <![CDATA[Baltimore]]>
              </value>
            </param>
            <param index="5">
              <value>
                <![CDATA[Maryland]]>
              </value>
            </param>
            <param index="6">
              <value>
                <![CDATA[21225.0]]>
              </value>
            </param>
          </params>
          <reporter-output>
          </reporter-output>
        </test-method> <!-- updateProfile -->
        <test-method is-config="true" signature="tearDownMethod(org.testng.ITestResult)[pri:0, instance:com.PRregressionSuite.TestScripts_PR_Regression@13b13b5d]" started-at="2021-07-24T12:33:44 EDT" name="tearDownMethod" finished-at="2021-07-24T12:33:44 EDT" duration-ms="0" status="PASS">
          <params>
            <param index="0">
              <value>
                <![CDATA[[TestResult name=updateProfile status=SUCCESS method=TestScripts_PR_Regression.updateProfile(java.lang.String, java.lang.String, java.lang.String, java.lang.String, java.lang.String, java.lang.String, java.lang.String)[pri:1, instance:com.PRregressionSuite.TestScripts_PR_Regression@13b13b5d] output={null}]]]>
              </value>
            </param>
          </params>
          <reporter-output>
          </reporter-output>
        </test-method> <!-- tearDownMethod -->
        <test-method is-config="true" signature="CloseBrowser()[pri:0, instance:com.PRregressionSuite.TestScripts_PR_Regression@13b13b5d]" started-at="2021-07-24T12:33:44 EDT" name="CloseBrowser" finished-at="2021-07-24T12:33:45 EDT" duration-ms="977" status="PASS">
          <reporter-output>
          </reporter-output>
        </test-method> <!-- CloseBrowser -->
      </class> <!-- com.PRregressionSuite.TestScripts_PR_Regression -->
    </test> <!-- Default test -->
  </suite> <!-- Default suite -->
</testng-results>
